<?xml version="1.0" encoding="UTF-8"?>
<testsuite xmlns:xsi="http://www.w3.org/2001/XMLSchema-instance" xsi:noNamespaceSchemaLocation="https://maven.apache.org/surefire/maven-surefire-plugin/xsd/surefire-test-report-3.0.xsd" version="3.0" name="com.drs.drs_enhanced.ServiceJUnitTest" time="3.913" tests="35" errors="0" skipped="0" failures="0">
  <properties>
    <property name="java.specification.version" value="21"/>
    <property name="sun.cpu.isalist" value="amd64"/>
    <property name="sun.jnu.encoding" value="Cp1252"/>
    <property name="java.class.path" value="C:\Users\opnyt\OneDrive - CQUniversity\Sem 4\COIT20258\DRS_Enhanced_Server\target\test-classes;C:\Users\opnyt\OneDrive - CQUniversity\Sem 4\COIT20258\DRS_Enhanced_Server\target\classes;C:\Users\opnyt\.m2\repository\mysql\mysql-connector-java\8.0.30\mysql-connector-java-8.0.30.jar;C:\Users\opnyt\.m2\repository\com\google\protobuf\protobuf-java\3.19.4\protobuf-java-3.19.4.jar;C:\Users\opnyt\.m2\repository\org\eclipse\persistence\eclipselink\4.0.5\eclipselink-4.0.5.jar;C:\Users\opnyt\.m2\repository\org\eclipse\persistence\jakarta.persistence\2.2.3\jakarta.persistence-2.2.3.jar;C:\Users\opnyt\.m2\repository\unknown\binary\eclipselink\SNAPSHOT\eclipselink-SNAPSHOT.jar;C:\Users\opnyt\.m2\repository\jakarta\annotation\jakarta.annotation-api\2.1.1\jakarta.annotation-api-2.1.1.jar;C:\Users\opnyt\.m2\repository\jakarta\persistence\jakarta.persistence-api\3.1.0\jakarta.persistence-api-3.1.0.jar;C:\Users\opnyt\.m2\repository\unknown\binary\org.eclipse.persistence.jpa.modelgen.processor\SNAPSHOT\org.eclipse.persistence.jpa.modelgen.processor-SNAPSHOT.jar;C:\Users\opnyt\.m2\repository\unknown\binary\org.eclipse.persistence.jpars\SNAPSHOT\org.eclipse.persistence.jpars-SNAPSHOT.jar;C:\Users\opnyt\.m2\repository\unknown\binary\eclipselink-sources\SNAPSHOT\eclipselink-sources-SNAPSHOT.jar;C:\Users\opnyt\.m2\repository\unknown\binary\org.eclipse.persistence.extension\SNAPSHOT\org.eclipse.persistence.extension-SNAPSHOT.jar;C:\Users\opnyt\.m2\repository\unknown\binary\org.eclipse.persistence.nosql\SNAPSHOT\org.eclipse.persistence.nosql-SNAPSHOT.jar;C:\Users\opnyt\.m2\repository\unknown\binary\org.eclipse.persistence.oracle.nosql\SNAPSHOT\org.eclipse.persistence.oracle.nosql-SNAPSHOT.jar;C:\Users\opnyt\.m2\repository\org\eclipse\angus\angus-activation\2.0.2\angus-activation-2.0.2.jar;C:\Users\opnyt\.m2\repository\org\eclipse\angus\angus-mail\2.0.3\angus-mail-2.0.3.jar;C:\Users\opnyt\.m2\repository\jakarta\activation\jakarta.activation-api\2.1.3\jakarta.activation-api-2.1.3.jar;C:\Users\opnyt\.m2\repository\jakarta\json\jakarta.json-api\2.1.3\jakarta.json-api-2.1.3.jar;C:\Users\opnyt\.m2\repository\jakarta\mail\jakarta.mail-api\2.1.2\jakarta.mail-api-2.1.2.jar;C:\Users\opnyt\.m2\repository\jakarta\validation\jakarta.validation-api\3.0.2\jakarta.validation-api-3.0.2.jar;C:\Users\opnyt\.m2\repository\jakarta\xml\bind\jakarta.xml.bind-api\4.0.2\jakarta.xml.bind-api-4.0.2.jar;C:\Users\opnyt\.m2\repository\com\sun\xml\bind\jaxb-core\4.0.5\jaxb-core-4.0.5.jar;C:\Users\opnyt\.m2\repository\com\sun\xml\bind\jaxb-xjc\4.0.5\jaxb-xjc-4.0.5.jar;C:\Users\opnyt\.m2\repository\org\eclipse\parsson\parsson\1.1.6\parsson-1.1.6.jar;C:\Users\opnyt\.m2\repository\org\junit\jupiter\junit-jupiter-api\5.6.0\junit-jupiter-api-5.6.0.jar;C:\Users\opnyt\.m2\repository\org\apiguardian\apiguardian-api\1.1.0\apiguardian-api-1.1.0.jar;C:\Users\opnyt\.m2\repository\org\opentest4j\opentest4j\1.2.0\opentest4j-1.2.0.jar;C:\Users\opnyt\.m2\repository\org\junit\platform\junit-platform-commons\1.6.0\junit-platform-commons-1.6.0.jar;C:\Users\opnyt\.m2\repository\org\junit\jupiter\junit-jupiter-params\5.6.0\junit-jupiter-params-5.6.0.jar;C:\Users\opnyt\.m2\repository\org\junit\jupiter\junit-jupiter-engine\5.6.0\junit-jupiter-engine-5.6.0.jar;C:\Users\opnyt\.m2\repository\org\junit\platform\junit-platform-engine\1.6.0\junit-platform-engine-1.6.0.jar;"/>
    <property name="java.vm.vendor" value="Oracle Corporation"/>
    <property name="sun.arch.data.model" value="64"/>
    <property name="user.variant" value=""/>
    <property name="java.vendor.url" value="https://java.oracle.com/"/>
    <property name="user.timezone" value="Australia/Sydney"/>
    <property name="os.name" value="Windows 11"/>
    <property name="java.vm.specification.version" value="21"/>
    <property name="user.country" value="AU"/>
    <property name="sun.java.launcher" value="SUN_STANDARD"/>
    <property name="sun.boot.library.path" value="C:\Program Files\Java\jdk-21\bin"/>
    <property name="sun.java.command" value="C:\Users\opnyt\AppData\Local\Temp\surefire4347043855966588159\surefirebooter-20250617175342098_3.jar C:\Users\opnyt\AppData\Local\Temp\surefire4347043855966588159 2025-06-17T17-53-41_713-jvmRun1 surefire-20250617175342098_1tmp surefire_0-20250617175342098_2tmp"/>
    <property name="jdk.debug" value="release"/>
    <property name="test" value="com.drs.drs_enhanced.ServiceJUnitTest"/>
    <property name="surefire.test.class.path" value="C:\Users\opnyt\OneDrive - CQUniversity\Sem 4\COIT20258\DRS_Enhanced_Server\target\test-classes;C:\Users\opnyt\OneDrive - CQUniversity\Sem 4\COIT20258\DRS_Enhanced_Server\target\classes;C:\Users\opnyt\.m2\repository\mysql\mysql-connector-java\8.0.30\mysql-connector-java-8.0.30.jar;C:\Users\opnyt\.m2\repository\com\google\protobuf\protobuf-java\3.19.4\protobuf-java-3.19.4.jar;C:\Users\opnyt\.m2\repository\org\eclipse\persistence\eclipselink\4.0.5\eclipselink-4.0.5.jar;C:\Users\opnyt\.m2\repository\org\eclipse\persistence\jakarta.persistence\2.2.3\jakarta.persistence-2.2.3.jar;C:\Users\opnyt\.m2\repository\unknown\binary\eclipselink\SNAPSHOT\eclipselink-SNAPSHOT.jar;C:\Users\opnyt\.m2\repository\jakarta\annotation\jakarta.annotation-api\2.1.1\jakarta.annotation-api-2.1.1.jar;C:\Users\opnyt\.m2\repository\jakarta\persistence\jakarta.persistence-api\3.1.0\jakarta.persistence-api-3.1.0.jar;C:\Users\opnyt\.m2\repository\unknown\binary\org.eclipse.persistence.jpa.modelgen.processor\SNAPSHOT\org.eclipse.persistence.jpa.modelgen.processor-SNAPSHOT.jar;C:\Users\opnyt\.m2\repository\unknown\binary\org.eclipse.persistence.jpars\SNAPSHOT\org.eclipse.persistence.jpars-SNAPSHOT.jar;C:\Users\opnyt\.m2\repository\unknown\binary\eclipselink-sources\SNAPSHOT\eclipselink-sources-SNAPSHOT.jar;C:\Users\opnyt\.m2\repository\unknown\binary\org.eclipse.persistence.extension\SNAPSHOT\org.eclipse.persistence.extension-SNAPSHOT.jar;C:\Users\opnyt\.m2\repository\unknown\binary\org.eclipse.persistence.nosql\SNAPSHOT\org.eclipse.persistence.nosql-SNAPSHOT.jar;C:\Users\opnyt\.m2\repository\unknown\binary\org.eclipse.persistence.oracle.nosql\SNAPSHOT\org.eclipse.persistence.oracle.nosql-SNAPSHOT.jar;C:\Users\opnyt\.m2\repository\org\eclipse\angus\angus-activation\2.0.2\angus-activation-2.0.2.jar;C:\Users\opnyt\.m2\repository\org\eclipse\angus\angus-mail\2.0.3\angus-mail-2.0.3.jar;C:\Users\opnyt\.m2\repository\jakarta\activation\jakarta.activation-api\2.1.3\jakarta.activation-api-2.1.3.jar;C:\Users\opnyt\.m2\repository\jakarta\json\jakarta.json-api\2.1.3\jakarta.json-api-2.1.3.jar;C:\Users\opnyt\.m2\repository\jakarta\mail\jakarta.mail-api\2.1.2\jakarta.mail-api-2.1.2.jar;C:\Users\opnyt\.m2\repository\jakarta\validation\jakarta.validation-api\3.0.2\jakarta.validation-api-3.0.2.jar;C:\Users\opnyt\.m2\repository\jakarta\xml\bind\jakarta.xml.bind-api\4.0.2\jakarta.xml.bind-api-4.0.2.jar;C:\Users\opnyt\.m2\repository\com\sun\xml\bind\jaxb-core\4.0.5\jaxb-core-4.0.5.jar;C:\Users\opnyt\.m2\repository\com\sun\xml\bind\jaxb-xjc\4.0.5\jaxb-xjc-4.0.5.jar;C:\Users\opnyt\.m2\repository\org\eclipse\parsson\parsson\1.1.6\parsson-1.1.6.jar;C:\Users\opnyt\.m2\repository\org\junit\jupiter\junit-jupiter-api\5.6.0\junit-jupiter-api-5.6.0.jar;C:\Users\opnyt\.m2\repository\org\apiguardian\apiguardian-api\1.1.0\apiguardian-api-1.1.0.jar;C:\Users\opnyt\.m2\repository\org\opentest4j\opentest4j\1.2.0\opentest4j-1.2.0.jar;C:\Users\opnyt\.m2\repository\org\junit\platform\junit-platform-commons\1.6.0\junit-platform-commons-1.6.0.jar;C:\Users\opnyt\.m2\repository\org\junit\jupiter\junit-jupiter-params\5.6.0\junit-jupiter-params-5.6.0.jar;C:\Users\opnyt\.m2\repository\org\junit\jupiter\junit-jupiter-engine\5.6.0\junit-jupiter-engine-5.6.0.jar;C:\Users\opnyt\.m2\repository\org\junit\platform\junit-platform-engine\1.6.0\junit-platform-engine-1.6.0.jar;"/>
    <property name="sun.cpu.endian" value="little"/>
    <property name="user.home" value="C:\Users\opnyt"/>
    <property name="user.language" value="en"/>
    <property name="java.specification.vendor" value="Oracle Corporation"/>
    <property name="java.version.date" value="2024-04-16"/>
    <property name="java.home" value="C:\Program Files\Java\jdk-21"/>
    <property name="file.separator" value="\"/>
    <property name="basedir" value="C:\Users\opnyt\OneDrive - CQUniversity\Sem 4\COIT20258\DRS_Enhanced_Server"/>
    <property name="java.vm.compressedOopsMode" value="32-bit"/>
    <property name="line.separator" value="&#10;"/>
    <property name="java.vm.specification.vendor" value="Oracle Corporation"/>
    <property name="java.specification.name" value="Java Platform API Specification"/>
    <property name="surefire.real.class.path" value="C:\Users\opnyt\AppData\Local\Temp\surefire4347043855966588159\surefirebooter-20250617175342098_3.jar"/>
    <property name="user.script" value=""/>
    <property name="sun.management.compiler" value="HotSpot 64-Bit Tiered Compilers"/>
    <property name="java.runtime.version" value="21.0.3+7-LTS-152"/>
    <property name="user.name" value="opnyt"/>
    <property name="stdout.encoding" value="Cp1252"/>
    <property name="path.separator" value=";"/>
    <property name="os.version" value="10.0"/>
    <property name="java.runtime.name" value="Java(TM) SE Runtime Environment"/>
    <property name="file.encoding" value="UTF-8"/>
    <property name="java.vm.name" value="Java HotSpot(TM) 64-Bit Server VM"/>
    <property name="maven.ext.class.path" value="C:\Program Files\NetBeans-20\netbeans\java\maven-nblib\netbeans-eventspy.jar"/>
    <property name="localRepository" value="C:\Users\opnyt\.m2\repository"/>
    <property name="java.vendor.url.bug" value="https://bugreport.java.com/bugreport/"/>
    <property name="java.io.tmpdir" value="C:\Users\opnyt\AppData\Local\Temp\"/>
    <property name="java.version" value="21.0.3"/>
    <property name="user.dir" value="C:\Users\opnyt\OneDrive - CQUniversity\Sem 4\COIT20258\DRS_Enhanced_Server"/>
    <property name="os.arch" value="amd64"/>
    <property name="java.vm.specification.name" value="Java Virtual Machine Specification"/>
    <property name="sun.os.patch.level" value=""/>
    <property name="native.encoding" value="Cp1252"/>
    <property name="java.library.path" value="C:\Program Files\Java\jdk-21\bin;C:\WINDOWS\Sun\Java\bin;C:\WINDOWS\system32;C:\WINDOWS;C:\Program Files\Common Files\Oracle\Java\javapath;C:\WINDOWS\system32;C:\WINDOWS;C:\WINDOWS\System32\Wbem;C:\WINDOWS\System32\WindowsPowerShell\v1.0\;C:\WINDOWS\System32\OpenSSH\;C:\Program Files\PuTTY\;C:\Program Files\Git\cmd;C:\Program Files\Java\jdk-21\bin;C:\Program Files\Java\jdk-21\bin;C:\Program Files\MySQL\MySQL Server 8.0\bin;C:\Program Files\Microsoft SQL Server\150\Tools\Binn\;C:\Program Files\Microsoft SQL Server\Client SDK\ODBC\170\Tools\Binn\;C:\Program Files\dotnet\;C:\Program Files (x86)\Windows Kits\10\Windows Performance Toolkit\;C:\Program Files\nodejs\;C:\gradle-8.14\bin;C:\Program Files\OpenSSL-Win64\bin;C:\glassfish7\bin;C:\glassfish7\glassfish\bin;C:\Program Files\GitHub CLI\;C:\Users\opnyt\AppData\Local\Programs\Python\Python312\Scripts\;C:\Users\opnyt\AppData\Local\Programs\Python\Python312\;C:\Users\opnyt\AppData\Local\Programs\Python\Launcher\;C:\Users\opnyt\AppData\Local\Microsoft\WindowsApps;C:\Users\opnyt\AppData\Local\Programs\Microsoft VS Code\bin;C:\Program Files\heroku\bin;C:\Users\opnyt\.dotnet\tools;C:\Users\opnyt\AppData\Roaming\npm;."/>
    <property name="java.vm.info" value="mixed mode, sharing"/>
    <property name="stderr.encoding" value="Cp1252"/>
    <property name="java.vendor" value="Oracle Corporation"/>
    <property name="java.vm.version" value="21.0.3+7-LTS-152"/>
    <property name="sun.io.unicode.encoding" value="UnicodeLittle"/>
    <property name="java.class.version" value="65.0"/>
  </properties>
  <testcase name="testCreateUser_success" classname="com.drs.drs_enhanced.ServiceJUnitTest" time="3.253">
    <system-out><![CDATA[[EL Info]: 2025-06-17 17:53:45.198--ServerSession(488600086)--EclipseLink, version: Eclipse Persistence Services - 4.0.5.v202412231137-a96b873527f305f932543045c8679bb1de8d3a43
]]></system-out>
  </testcase>
  <testcase name="testCreateUser_duplicateEmail" classname="com.drs.drs_enhanced.ServiceJUnitTest" time="0.026"/>
  <testcase name="testLoginSuccess" classname="com.drs.drs_enhanced.ServiceJUnitTest" time="0.016"/>
  <testcase name="testLoginFailure_invalidEmail" classname="com.drs.drs_enhanced.ServiceJUnitTest" time="0.016">
    <system-out><![CDATA[Login failed: Invalid credentials.
]]></system-out>
  </testcase>
  <testcase name="testLoginFailure_invalidPassword" classname="com.drs.drs_enhanced.ServiceJUnitTest" time="0.006">
    <system-out><![CDATA[Login failed: Invalid credentials.
]]></system-out>
  </testcase>
  <testcase name="testCreateDepartment_success" classname="com.drs.drs_enhanced.ServiceJUnitTest" time="0.028"/>
  <testcase name="testCreateDepartment_duplicateEmail" classname="com.drs.drs_enhanced.ServiceJUnitTest" time="0.013"/>
  <testcase name="testGetAllDepartments" classname="com.drs.drs_enhanced.ServiceJUnitTest" time="0.035"/>
  <testcase name="testCreateSupply_success" classname="com.drs.drs_enhanced.ServiceJUnitTest" time="0.016"/>
  <testcase name="testCreateSupply_duplicateName" classname="com.drs.drs_enhanced.ServiceJUnitTest" time="0.09">
    <system-out><![CDATA[[EL Warning]: 2025-06-17 17:53:47.326--UnitOfWork(939625314)--Exception [EclipseLink-4002] (Eclipse Persistence Services - 4.0.5.v202412231137-a96b873527f305f932543045c8679bb1de8d3a43): org.eclipse.persistence.exceptions.DatabaseException
Internal Exception: java.sql.SQLIntegrityConstraintViolationException: Duplicate entry 'Medical Kit' for key 'supplies.NAME'
Error Code: 1062
Call: INSERT INTO supplies (NAME) VALUES (?)
	bind => [1 parameter bound]
Query: InsertObjectQuery(Medical Kit)
Error: Exception [EclipseLink-4002] (Eclipse Persistence Services - 4.0.5.v202412231137-a96b873527f305f932543045c8679bb1de8d3a43): org.eclipse.persistence.exceptions.DatabaseException
Internal Exception: java.sql.SQLIntegrityConstraintViolationException: Duplicate entry 'Medical Kit' for key 'supplies.NAME'
Error Code: 1062
Call: INSERT INTO supplies (NAME) VALUES (?)
	bind => [1 parameter bound]
Query: InsertObjectQuery(Medical Kit)
]]></system-out>
  </testcase>
  <testcase name="testGetAllSupplies" classname="com.drs.drs_enhanced.ServiceJUnitTest" time="0.008"/>
  <testcase name="testAssignSupplyToDepartment_success" classname="com.drs.drs_enhanced.ServiceJUnitTest" time="0.034">
    <system-out><![CDATA[Supplies Count : 0
]]></system-out>
  </testcase>
  <testcase name="testAssignSupplyToDepartment_invalid" classname="com.drs.drs_enhanced.ServiceJUnitTest" time="0.008"/>
  <testcase name="testAssignSupplyToDepartment_existing" classname="com.drs.drs_enhanced.ServiceJUnitTest" time="0.005">
    <system-out><![CDATA[Supplies Count : 1
]]></system-out>
  </testcase>
  <testcase name="testGetSuppliesForDepartment" classname="com.drs.drs_enhanced.ServiceJUnitTest" time="0.006"/>
  <testcase name="testGetSuppliesForDepartment_invalid" classname="com.drs.drs_enhanced.ServiceJUnitTest" time="0.007"/>
  <testcase name="testCreateIncident" classname="com.drs.drs_enhanced.ServiceJUnitTest" time="0.031"/>
  <testcase name="testGetUnassignedIncidents" classname="com.drs.drs_enhanced.ServiceJUnitTest" time="0.011"/>
  <testcase name="testAssignTeamToIncident_success" classname="com.drs.drs_enhanced.ServiceJUnitTest" time="0.02"/>
  <testcase name="testAssignTeamToIncident_invalid" classname="com.drs.drs_enhanced.ServiceJUnitTest" time="0.006"/>
  <testcase name="testGetIncidentsForDepartment" classname="com.drs.drs_enhanced.ServiceJUnitTest" time="0.008"/>
  <testcase name="testGetIncidentsForDepartment_invalid" classname="com.drs.drs_enhanced.ServiceJUnitTest" time="0.005"/>
  <testcase name="testMarkIncidentComplete" classname="com.drs.drs_enhanced.ServiceJUnitTest" time="0.015"/>
  <testcase name="testMarkIncidentComplete_invalid" classname="com.drs.drs_enhanced.ServiceJUnitTest" time="0.005"/>
  <testcase name="testCreateAlert" classname="com.drs.drs_enhanced.ServiceJUnitTest" time="0.022"/>
  <testcase name="testGetAllAlertByRegion_exists" classname="com.drs.drs_enhanced.ServiceJUnitTest" time="0.006"/>
  <testcase name="testGetAllAlertByRegion_notExists" classname="com.drs.drs_enhanced.ServiceJUnitTest" time="0.005"/>
  <testcase name="testGetAllAlerts" classname="com.drs.drs_enhanced.ServiceJUnitTest" time="0.004"/>
  <testcase name="testDeleteAlert" classname="com.drs.drs_enhanced.ServiceJUnitTest" time="0.014"/>
  <testcase name="testDeleteAlert_invalid" classname="com.drs.drs_enhanced.ServiceJUnitTest" time="0.004"/>
  <testcase name="testCreateNotification" classname="com.drs.drs_enhanced.ServiceJUnitTest" time="0.022"/>
  <testcase name="testGetAllNotifications" classname="com.drs.drs_enhanced.ServiceJUnitTest" time="0.005"/>
  <testcase name="testCreateShelter" classname="com.drs.drs_enhanced.ServiceJUnitTest" time="0.018"/>
  <testcase name="testGetAllShelters" classname="com.drs.drs_enhanced.ServiceJUnitTest" time="0.005"/>
  <testcase name="testGetAllShelters_invalidRegion" classname="com.drs.drs_enhanced.ServiceJUnitTest" time="0.005"/>
</testsuite>